[18:52:49] [main/INFO]: Using mbed TLS based native cipher.
[18:52:49] [main/INFO]: Using zlib based native compressor.
[18:52:49] [main/INFO]: Enabled Waterfall version git:Waterfall-Bootstrap:1.19-R0.1-SNAPSHOT:f6069e2:513
[18:52:49] [main/INFO]: Not on Windows, attempting to use enhanced EpollEventLoop
[18:52:49] [main/INFO]: Epoll is working, utilising it!
[18:52:50] [main/INFO]: Discovered module: ModuleSpec(name=cmd_alert, file=modules/cmd_alert.jar, provider=JenkinsModuleSource())
[18:52:50] [main/INFO]: Discovered module: ModuleSpec(name=cmd_find, file=modules/cmd_find.jar, provider=JenkinsModuleSource())
[18:52:50] [main/INFO]: Discovered module: ModuleSpec(name=cmd_list, file=modules/cmd_list.jar, provider=JenkinsModuleSource())
[18:52:50] [main/INFO]: Discovered module: ModuleSpec(name=cmd_send, file=modules/cmd_send.jar, provider=JenkinsModuleSource())
[18:52:50] [main/INFO]: Discovered module: ModuleSpec(name=cmd_server, file=modules/cmd_server.jar, provider=JenkinsModuleSource())
[18:52:50] [main/INFO]: Discovered module: ModuleSpec(name=reconnect_yaml, file=modules/reconnect_yaml.jar, provider=JenkinsModuleSource())
[18:52:50] [main/INFO]: Attempting to update plugin from null to ModuleVersion(build=513, git=f6069e2)
[18:52:50] [main/INFO]: Attempting to Jenkins download module cmd_alert v513
[18:52:50] [main/INFO]: Download complete
[18:52:50] [main/INFO]: Attempting to update plugin from null to ModuleVersion(build=513, git=f6069e2)
[18:52:50] [main/INFO]: Attempting to Jenkins download module cmd_find v513
[18:52:50] [main/INFO]: Download complete
[18:52:50] [main/INFO]: Attempting to update plugin from null to ModuleVersion(build=513, git=f6069e2)
[18:52:50] [main/INFO]: Attempting to Jenkins download module cmd_list v513
[18:52:50] [main/INFO]: Download complete
[18:52:50] [main/INFO]: Attempting to update plugin from null to ModuleVersion(build=513, git=f6069e2)
[18:52:50] [main/INFO]: Attempting to Jenkins download module cmd_send v513
[18:52:50] [main/INFO]: Download complete
[18:52:50] [main/INFO]: Attempting to update plugin from null to ModuleVersion(build=513, git=f6069e2)
[18:52:50] [main/INFO]: Attempting to Jenkins download module cmd_server v513
[18:52:50] [main/INFO]: Download complete
[18:52:50] [main/INFO]: Attempting to update plugin from null to ModuleVersion(build=513, git=f6069e2)
[18:52:50] [main/INFO]: Attempting to Jenkins download module reconnect_yaml v513
[18:52:50] [main/INFO]: Download complete
[18:52:50] [main/INFO]: Loaded plugin reconnect_yaml version git:reconnect_yaml:1.19-R0.1-SNAPSHOT:f6069e2:513 by WaterfallMC
[18:52:50] [main/INFO]: Loaded plugin cmd_find version git:cmd_find:1.19-R0.1-SNAPSHOT:f6069e2:513 by WaterfallMC
[18:52:50] [main/INFO]: Loaded plugin cmd_server version git:cmd_server:1.19-R0.1-SNAPSHOT:f6069e2:513 by WaterfallMC
[18:52:50] [main/INFO]: Loaded plugin cmd_alert version git:cmd_alert:1.19-R0.1-SNAPSHOT:f6069e2:513 by WaterfallMC
[18:52:50] [main/INFO]: Loaded plugin cmd_send version git:cmd_send:1.19-R0.1-SNAPSHOT:f6069e2:513 by WaterfallMC
[18:52:50] [main/INFO]: Loaded plugin cmd_list version git:cmd_list:1.19-R0.1-SNAPSHOT:f6069e2:513 by WaterfallMC
[18:52:50] [main/WARN]: :>:>:>:>:>:>:>:>:>:>:>:>:>:>:>:>:>:>:>:>:>:>:>
[18:52:50] [main/WARN]: :>  
[18:52:50] [main/WARN]: :>      EAGLERCRAFTXBUNGEE WARNING:
[18:52:50] [main/WARN]: :>  
[18:52:50] [main/WARN]: :>  This plugin wasn't tested to be 'working'
[18:52:50] [main/WARN]: :>  with ANY version of BungeeCord (and forks)
[18:52:50] [main/WARN]: :>  apart from the versions listed below:
[18:52:50] [main/WARN]: :>  
[18:52:50] [main/WARN]: :>  - BungeeCord: 1.20-R0.3-SNAPSHOT:eda268b:1797
[18:52:50] [main/WARN]: :>  - Waterfall: 1.20-R0.2-SNAPSHOT:92b5149:562
[18:52:50] [main/WARN]: :>  - FlameCord: 1.1.1
[18:52:50] [main/WARN]: :>  
[18:52:50] [main/WARN]: :>  This is not a Bukkit/Spigot plugin!
[18:52:50] [main/WARN]: :>  
[18:52:50] [main/WARN]: :>  Use "-Deaglerxbungee.stfu=true" to hide
[18:52:50] [main/WARN]: :>  
[18:52:50] [main/WARN]: :>:>:>:>:>:>:>:>:>:>:>:>:>:>:>:>:>:>:>:>:>:>:>
[18:52:51] [main/INFO] [EaglercraftXBungee]: Loading vanilla profile: lax1dude
[18:52:51] [Skin Download Thread #1/INFO] [EaglercraftXBungee]: Loaded vanilla profile: lax1dude
[18:52:51] [main/INFO]: Loaded plugin EaglercraftXBungee version 1.0.10 by lax1dude
[18:52:51] [main/WARN]: Forced host server pvp is not defined
[18:52:51] [main/INFO]: Enabled plugin reconnect_yaml version git:reconnect_yaml:1.19-R0.1-SNAPSHOT:f6069e2:513 by WaterfallMC
[18:52:51] [main/INFO]: Enabled plugin cmd_find version git:cmd_find:1.19-R0.1-SNAPSHOT:f6069e2:513 by WaterfallMC
[18:52:51] [main/INFO]: Enabled plugin cmd_server version git:cmd_server:1.19-R0.1-SNAPSHOT:f6069e2:513 by WaterfallMC
[18:52:51] [main/INFO]: Enabled plugin cmd_alert version git:cmd_alert:1.19-R0.1-SNAPSHOT:f6069e2:513 by WaterfallMC
[18:52:51] [main/INFO]: Enabled plugin cmd_send version git:cmd_send:1.19-R0.1-SNAPSHOT:f6069e2:513 by WaterfallMC
[18:52:51] [main/INFO]: Enabled plugin cmd_list version git:cmd_list:1.19-R0.1-SNAPSHOT:f6069e2:513 by WaterfallMC
[18:52:51] [main/ERROR] [EaglercraftXBungee]: Online mode is set to false! Authentication system has been disabled
[18:52:51] [Netty Worker IO Thread #0/INFO] [EaglercraftXBungee]: Eaglercraft is listening on: /0.0.0.0:8081
[18:52:51] [main/INFO] [EaglercraftXBungee]: Downloading from maven: https://repo1.maven.org/maven2/org/xerial/sqlite-jdbc/3.45.0.0/sqlite-jdbc-3.45.0.0.jar
[18:52:52] [main/INFO] [EaglercraftXBungee]: Connected to database: jdbc:sqlite:eaglercraft_skins_cache.db
[18:52:52] [EaglerXBungee: Network Tick Tasks/INFO] [EaglercraftXBungee]: Downloading new certificate: https://eaglercraft.com/backup.cert
[18:52:52] [main/INFO]: Enabled plugin EaglercraftXBungee version 1.0.10 by lax1dude
[18:52:52] [Netty Boss IO Thread #0/INFO]: Listening on /127.0.0.1:25577
[18:52:52] [EaglerXBungee: Network Tick Tasks/INFO] [EaglercraftXBungee]: Loaded certificate: /workspaces/EaglercraftX-Server/bungee/plugins/EaglercraftXBungee/eagcert/$dl.11da5ec1e9d8efe3fa0e9998b0c264f5c8cb155f.cert
[18:53:23] [Netty Worker IO Thread #1/WARN] [EaglercraftXBungee]: Server icon is not a file: /workspaces/EaglercraftX-Server/bungee/server-icon.png
[18:53:24] [Netty Worker IO Thread #2/INFO] [EaglercraftXBungee]: [/[0:0:0:0:0:0:0:1%0]:41328]: Connected via websocket
[18:53:24] [Netty Worker IO Thread #2/INFO] [EaglercraftXBungee]: [/[0:0:0:0:0:0:0:1%0]:41328]: Origin header is null
[18:53:24] [Netty Worker IO Thread #2/INFO] [EaglercraftXBungee]: [/[0:0:0:0:0:0:0:1%0]:41328]: Logged in as 'Refif'
[18:53:24] [Netty Worker IO Thread #2/INFO]: [/[0:0:0:0:0:0:0:1%0]:41328|Refif] -> UpstreamBridge has connected
[18:53:24] [Netty Worker IO Thread #2/INFO]: [Refif|/[0:0:0:0:0:0:0:1%0]:41328] <-> ServerConnector [lobby] has connected
